<?xml version="1.0" encoding="UTF-8"?>
<!-- Generated by org.testng.reporters.JUnitReportReporter -->
<testsuite skipped="0" hostname="E0268539" name="toolsqa.Registration" tests="1" failures="0" timestamp="17 May 2018 06:08:41 GMT" time="9.223" errors="0">
  <testcase name="Registation" time="9.223" classname="toolsqa.Registration"/>
</testsuite> <!-- toolsqa.Registration -->
