<?xml version="1.0" encoding="UTF-8"?>
<!-- Generated by org.testng.reporters.JUnitReportReporter -->
<testsuite skipped="0" hostname="E0268539" name="testng.Sample" tests="1" failures="0" timestamp="24 May 2018 08:56:05 GMT" time="0.010" errors="0">
  <testcase name="f" time="0.010" classname="testng.Sample"/>
</testsuite> <!-- testng.Sample -->
